<?xml version="1.0" encoding="UTF-8"?>
<!-- Generated by org.testng.reporters.JUnitReportReporter -->
<testsuite hostname="HOME-PC" name="different.Browsers.ChromeOne" tests="1" failures="0" timestamp="21 Feb 2017 01:36:02 GMT" time="2.548" errors="0">
  <testcase name="f" time="2.548" classname="different.Browsers.ChromeOne"/>
</testsuite> <!-- different.Browsers.ChromeOne -->
