<?xml version="1.0" encoding="UTF-8"?>
<!-- Generated by org.testng.reporters.JUnitReportReporter -->
<testsuite hostname="HOME-PC" name="different.Browsers.IEOne" tests="1" failures="0" timestamp="21 Feb 2017 01:39:21 GMT" time="0.182" errors="0">
  <testcase name="f" time="0.182" classname="different.Browsers.IEOne"/>
</testsuite> <!-- different.Browsers.IEOne -->
