<?xml version="1.0" encoding="UTF-8"?>
<!-- Generated by org.testng.reporters.JUnitReportReporter -->
<testsuite hostname="HOME-PC" name="log.Util.LogOne" tests="1" failures="0" timestamp="23 Feb 2017 01:22:34 GMT" time="8.994" errors="0">
  <testcase name="f" time="8.994" classname="log.Util.LogOne"/>
</testsuite> <!-- log.Util.LogOne -->
