<?xml version="1.0" encoding="UTF-8"?>
<!-- Generated by org.testng.reporters.JUnitReportReporter -->
<testsuite hostname="HOME-PC" name="log.Util.ExtentReportOne" tests="2" failures="0" timestamp="15 Apr 2017 17:14:07 GMT" time="5.300" errors="0">
  <testcase name="TestCaseOne" time="2.091" classname="log.Util.ExtentReportOne"/>
  <testcase name="TestCaseTwo" time="3.209" classname="log.Util.ExtentReportOne"/>
</testsuite> <!-- log.Util.ExtentReportOne -->
